[0.020s] Invoking command in '/home/jared/subbot/software-start-here/build/challenge': CMAKE_PREFIX_PATH=/opt/ros/foxy /usr/bin/cmake --build /home/jared/subbot/software-start-here/build/challenge -- -j8 -l8
[0.065s] [35m[1mScanning dependencies of target solution[0m
[0.098s] [ 50%] [32mBuilding CXX object CMakeFiles/solution.dir/src/solution.cpp.o[0m
[1.390s] [01m[K/home/jared/subbot/software-start-here/src/challenge/src/solution.cpp:39:40:[m[K [01;31m[Kerror: [m[Kcould not convert â€˜[01m[K10[m[Kâ€™ from â€˜[01m[Kint[m[Kâ€™ to â€˜[01m[Kstd::chrono::milliseconds[m[Kâ€™ {aka â€˜[01m[Kstd::chrono::duration<long int, std::ratio<1, 1000> >[m[Kâ€™}
[1.390s]    39 |   std::chrono::milliseconds interval = [01;31m[K10[m[K;
[1.390s]       |                                        [01;31m[K^~[m[K
[1.391s]       |                                        [01;31m[K|[m[K
[1.391s]       |                                        [01;31m[Kint[m[K
[2.329s] make[2]: *** [CMakeFiles/solution.dir/build.make:63: CMakeFiles/solution.dir/src/solution.cpp.o] Error 1
[2.329s] make[1]: *** [CMakeFiles/Makefile2:78: CMakeFiles/solution.dir/all] Error 2
[2.329s] make: *** [Makefile:141: all] Error 2
[2.332s] Invoked command in '/home/jared/subbot/software-start-here/build/challenge' returned '2': CMAKE_PREFIX_PATH=/opt/ros/foxy /usr/bin/cmake --build /home/jared/subbot/software-start-here/build/challenge -- -j8 -l8
