[0.016s] Invoking command in '/home/jared/subbot/software-start-here/build/challenge': CMAKE_PREFIX_PATH=/opt/ros/foxy /usr/bin/cmake --build /home/jared/subbot/software-start-here/build/challenge -- -j8 -l8
[0.065s] [35m[1mScanning dependencies of target solution[0m
[0.102s] [ 50%] [32mBuilding CXX object CMakeFiles/solution.dir/src/solution.cpp.o[0m
[1.474s] [01m[K/home/jared/subbot/software-start-here/src/challenge/src/solution.cpp:15:3:[m[K [01;31m[Kerror: [m[Knon-static data member declared with placeholder â€˜[01m[Kauto[m[Kâ€™
[1.474s]    15 |   [01;31m[Kauto[m[K publisher_ = this->create_publisher<geometry_msgs::msg::Twist>("cmd_vel", 10);
[1.474s]       |   [01;31m[K^~~~[m[K
[1.475s] [01m[K/home/jared/subbot/software-start-here/src/challenge/src/solution.cpp:[m[K In constructor â€˜[01m[Ksolution::solution()[m[Kâ€™:
[1.475s] [01m[K/home/jared/subbot/software-start-here/src/challenge/src/solution.cpp:22:9:[m[K [01;31m[Kerror: [m[Kunable to find numeric literal operator â€˜[01m[Koperator""ms[m[Kâ€™
[1.475s]    22 |         [01;31m[K10ms[m[K, std::bind(&solution::sine_motion, this)
[1.475s]       |         [01;31m[K^~~~[m[K
[1.858s] make[2]: *** [CMakeFiles/solution.dir/build.make:63: CMakeFiles/solution.dir/src/solution.cpp.o] Error 1
[1.858s] make[1]: *** [CMakeFiles/Makefile2:78: CMakeFiles/solution.dir/all] Error 2
[1.859s] make: *** [Makefile:141: all] Error 2
[1.861s] Invoked command in '/home/jared/subbot/software-start-here/build/challenge' returned '2': CMAKE_PREFIX_PATH=/opt/ros/foxy /usr/bin/cmake --build /home/jared/subbot/software-start-here/build/challenge -- -j8 -l8
