[0.019s] Invoking command in '/home/jared/subbot/software-start-here/build/challenge': CMAKE_PREFIX_PATH=/opt/ros/foxy /usr/bin/cmake --build /home/jared/subbot/software-start-here/build/challenge -- -j8 -l8
[0.083s] [ 50%] [32mBuilding CXX object CMakeFiles/solution.dir/src/solution.cpp.o[0m
[1.358s] [01m[K/home/jared/subbot/software-start-here/src/challenge/src/solution.cpp:[m[K In constructor â€˜[01m[Ksolution::solution()[m[Kâ€™:
[1.358s] [01m[K/home/jared/subbot/software-start-here/src/challenge/src/solution.cpp:22:9:[m[K [01;31m[Kerror: [m[Kunable to find numeric literal operator â€˜[01m[Koperator""ms[m[Kâ€™
[1.358s]    22 |         [01;31m[K10ms[m[K, std::bind(&solution::sine_motion, this)
[1.358s]       |         [01;31m[K^~~~[m[K
[1.365s] [01m[K/home/jared/subbot/software-start-here/src/challenge/src/solution.cpp:[m[K In member function â€˜[01m[Kvoid solution::sine_motion()[m[Kâ€™:
[1.365s] [01m[K/home/jared/subbot/software-start-here/src/challenge/src/solution.cpp:35:12:[m[K [01;31m[Kerror: [m[Krequest for member â€˜[01m[Kpublisher_[m[Kâ€™ in â€˜[01m[K(solution*)this[m[Kâ€™, which is of pointer type â€˜[01m[Ksolution*[m[Kâ€™ (maybe you meant to use â€˜[01m[K->[m[Kâ€™ ?)
[1.365s]    35 |       this.[01;31m[Kpublisher_[m[K.publish(signal);
[1.365s]       |            [01;31m[K^~~~~~~~~~[m[K
[2.013s] make[2]: *** [CMakeFiles/solution.dir/build.make:63: CMakeFiles/solution.dir/src/solution.cpp.o] Error 1
[2.013s] make[1]: *** [CMakeFiles/Makefile2:78: CMakeFiles/solution.dir/all] Error 2
[2.013s] make: *** [Makefile:141: all] Error 2
[2.015s] Invoked command in '/home/jared/subbot/software-start-here/build/challenge' returned '2': CMAKE_PREFIX_PATH=/opt/ros/foxy /usr/bin/cmake --build /home/jared/subbot/software-start-here/build/challenge -- -j8 -l8
