[0.015s] Invoking command in '/home/jared/subbot/software-start-here/build/challenge': CMAKE_PREFIX_PATH=/opt/ros/foxy /usr/bin/cmake --build /home/jared/subbot/software-start-here/build/challenge -- -j8 -l8
[0.066s] [35m[1mScanning dependencies of target solution[0m
[0.102s] [ 50%] [32mBuilding CXX object CMakeFiles/solution.dir/src/solution.cpp.o[0m
[1.377s] [01m[K/home/jared/subbot/software-start-here/src/challenge/src/solution.cpp:[m[K In constructor â€˜[01m[Ksolution::solution()[m[Kâ€™:
[1.377s] [01m[K/home/jared/subbot/software-start-here/src/challenge/src/solution.cpp:22:9:[m[K [01;31m[Kerror: [m[Kunable to find numeric literal operator â€˜[01m[Koperator""ms[m[Kâ€™
[1.378s]    22 |         [01;31m[K10ms[m[K, std::bind(&solution::sine_motion, this)
[1.378s]       |         [01;31m[K^~~~[m[K
[1.385s] [01m[K/home/jared/subbot/software-start-here/src/challenge/src/solution.cpp:[m[K In member function â€˜[01m[Kvoid solution::sine_motion()[m[Kâ€™:
[1.385s] [01m[K/home/jared/subbot/software-start-here/src/challenge/src/solution.cpp:31:39:[m[K [01;31m[Kerror: [m[Kcannot convert â€˜[01m[Kstd::string[m[Kâ€™ {aka â€˜[01m[Kstd::__cxx11::basic_string<char>[m[Kâ€™} to â€˜[01m[Kgeometry_msgs::msg::Vector3_<std::allocator<void> >::_x_type[m[Kâ€™ {aka â€˜[01m[Kdouble[m[Kâ€™} in assignment
[1.385s]    31 |       signal.linear.x = [01;31m[Kstd::to_string(cos(time_))[m[K;
[1.386s]       |                         [01;31m[K~~~~~~~~~~~~~~^~~~~~~~~~~~[m[K
[1.386s]       |                                       [01;31m[K|[m[K
[1.386s]       |                                       [01;31m[Kstd::string {aka std::__cxx11::basic_string<char>}[m[K
[1.386s] [01m[K/home/jared/subbot/software-start-here/src/challenge/src/solution.cpp:32:39:[m[K [01;31m[Kerror: [m[Kcannot convert â€˜[01m[Kstd::string[m[Kâ€™ {aka â€˜[01m[Kstd::__cxx11::basic_string<char>[m[Kâ€™} to â€˜[01m[Kgeometry_msgs::msg::Vector3_<std::allocator<void> >::_z_type[m[Kâ€™ {aka â€˜[01m[Kdouble[m[Kâ€™} in assignment
[1.386s]    32 |       signal.linear.z = [01;31m[Kstd::to_string(sin(time_))[m[K;
[1.386s]       |                         [01;31m[K~~~~~~~~~~~~~~^~~~~~~~~~~~[m[K
[1.386s]       |                                       [01;31m[K|[m[K
[1.386s]       |                                       [01;31m[Kstd::string {aka std::__cxx11::basic_string<char>}[m[K
[1.388s] [01m[K/home/jared/subbot/software-start-here/src/challenge/src/solution.cpp:35:7:[m[K [01;31m[Kerror: [m[Kâ€˜[01m[Kpublisher_[m[Kâ€™ was not declared in this scope; did you mean â€˜[01m[Krcl_publisher_t[m[Kâ€™?
[1.389s]    35 |       [01;31m[Kpublisher_[m[K.publish(signal);
[1.389s]       |       [01;31m[K^~~~~~~~~~[m[K
[1.389s]       |       [32m[Krcl_publisher_t[m[K
[2.028s] make[2]: *** [CMakeFiles/solution.dir/build.make:63: CMakeFiles/solution.dir/src/solution.cpp.o] Error 1
[2.028s] make[1]: *** [CMakeFiles/Makefile2:78: CMakeFiles/solution.dir/all] Error 2
[2.028s] make: *** [Makefile:141: all] Error 2
[2.030s] Invoked command in '/home/jared/subbot/software-start-here/build/challenge' returned '2': CMAKE_PREFIX_PATH=/opt/ros/foxy /usr/bin/cmake --build /home/jared/subbot/software-start-here/build/challenge -- -j8 -l8
