[01m[K/home/andrewubuntu/software-start-here/src/turtle_package/src/turtle_publisher.cpp:[m[K In member function â€˜[01m[Kvoid TurtlePublisher::timer_callback()[m[Kâ€™:
[01m[K/home/andrewubuntu/software-start-here/src/turtle_package/src/turtle_publisher.cpp:28:7:[m[K [01;31m[Kerror: [m[Kâ€˜[01m[Krclcpp::Time::__ct [m[Kâ€™ names the constructor, not the type
   28 |       [01;31m[Krclcpp[m[K::Time::Time time = rclcpp::Node::now();
      |       [01;31m[K^~~~~~[m[K
[01m[K/home/andrewubuntu/software-start-here/src/turtle_package/src/turtle_publisher.cpp:28:25:[m[K [01;31m[Kerror: [m[Kexpected â€˜[01m[K;[m[Kâ€™ before â€˜[01m[Ktime[m[Kâ€™
   28 |       rclcpp::Time::Time[01;31m[K [m[K[32m[Ktime[m[K = rclcpp::Node::now();
      |                         [01;31m[K^[m[K[32m[K~~~~[m[K
      |                         [32m[K;[m[K
[01m[K/home/andrewubuntu/software-start-here/src/turtle_package/src/turtle_publisher.cpp:28:52:[m[K [01;31m[Kerror: [m[Kstatement cannot resolve address of overloaded function
   28 |       rclcpp::Time::Time time = rclcpp::Node::now()[01;31m[K;[m[K
      |                                                    [01;31m[K^[m[K
[01m[K/home/andrewubuntu/software-start-here/src/turtle_package/src/turtle_publisher.cpp:30:26:[m[K [01;31m[Kerror: [m[Kcannot convert â€˜[01m[Ktime_t(time_t*) throw ()[m[Kâ€™ {aka â€˜[01m[Klong int(long int*)[m[Kâ€™} to â€˜[01m[Kgeometry_msgs::msg::Vector3_<std::allocator<void> >::_x_type[m[Kâ€™ {aka â€˜[01m[Kdouble[m[Kâ€™} in assignment
   30 |       message.linear.x = [01;31m[Ktime[m[K;
      |                          [01;31m[K^~~~[m[K
      |                          [01;31m[K|[m[K
      |                          [01;31m[Ktime_t(time_t*) throw () {aka long int(long int*)}[m[K
make[2]: *** [CMakeFiles/turtle_sine.dir/build.make:63: CMakeFiles/turtle_sine.dir/src/turtle_publisher.cpp.o] Error 1
make[1]: *** [CMakeFiles/Makefile2:107: CMakeFiles/turtle_sine.dir/all] Error 2
make: *** [Makefile:141: all] Error 2
