[0.025s] Invoking command in '/home/andrewubuntu/software-start-here/build/turtle_package': CMAKE_PREFIX_PATH=${CMAKE_PREFIX_PATH}:/opt/ros/foxy /usr/bin/cmake --build /home/andrewubuntu/software-start-here/build/turtle_package -- -j2 -l2
[0.105s] [35m[1mScanning dependencies of target turtle_sine[0m
[0.122s] [ 50%] Built target turtle_node
[0.169s] [ 75%] [32mBuilding CXX object CMakeFiles/turtle_sine.dir/src/turtle_publisher.cpp.o[0m
[2.683s] [01m[K/home/andrewubuntu/software-start-here/src/turtle_package/src/turtle_publisher.cpp:[m[K In member function â€˜[01m[Kvoid TurtlePublisher::timer_callback()[m[Kâ€™:
[2.683s] [01m[K/home/andrewubuntu/software-start-here/src/turtle_package/src/turtle_publisher.cpp:28:7:[m[K [01;31m[Kerror: [m[Kâ€˜[01m[Krclcpp::Time::__ct [m[Kâ€™ names the constructor, not the type
[2.684s]    28 |       [01;31m[Krclcpp[m[K::Time::Time time = rclcpp::Node::now();
[2.684s]       |       [01;31m[K^~~~~~[m[K
[2.684s] [01m[K/home/andrewubuntu/software-start-here/src/turtle_package/src/turtle_publisher.cpp:28:25:[m[K [01;31m[Kerror: [m[Kexpected â€˜[01m[K;[m[Kâ€™ before â€˜[01m[Ktime[m[Kâ€™
[2.685s]    28 |       rclcpp::Time::Time[01;31m[K [m[K[32m[Ktime[m[K = rclcpp::Node::now();
[2.685s]       |                         [01;31m[K^[m[K[32m[K~~~~[m[K
[2.685s]       |                         [32m[K;[m[K
[2.685s] [01m[K/home/andrewubuntu/software-start-here/src/turtle_package/src/turtle_publisher.cpp:28:52:[m[K [01;31m[Kerror: [m[Kstatement cannot resolve address of overloaded function
[2.685s]    28 |       rclcpp::Time::Time time = rclcpp::Node::now()[01;31m[K;[m[K
[2.685s]       |                                                    [01;31m[K^[m[K
[2.686s] [01m[K/home/andrewubuntu/software-start-here/src/turtle_package/src/turtle_publisher.cpp:30:26:[m[K [01;31m[Kerror: [m[Kcannot convert â€˜[01m[Ktime_t(time_t*) throw ()[m[Kâ€™ {aka â€˜[01m[Klong int(long int*)[m[Kâ€™} to â€˜[01m[Kgeometry_msgs::msg::Vector3_<std::allocator<void> >::_x_type[m[Kâ€™ {aka â€˜[01m[Kdouble[m[Kâ€™} in assignment
[2.686s]    30 |       message.linear.x = [01;31m[Ktime[m[K;
[2.686s]       |                          [01;31m[K^~~~[m[K
[2.686s]       |                          [01;31m[K|[m[K
[2.686s]       |                          [01;31m[Ktime_t(time_t*) throw () {aka long int(long int*)}[m[K
[4.486s] make[2]: *** [CMakeFiles/turtle_sine.dir/build.make:63: CMakeFiles/turtle_sine.dir/src/turtle_publisher.cpp.o] Error 1
[4.487s] make[1]: *** [CMakeFiles/Makefile2:107: CMakeFiles/turtle_sine.dir/all] Error 2
[4.488s] make: *** [Makefile:141: all] Error 2
[4.489s] Invoked command in '/home/andrewubuntu/software-start-here/build/turtle_package' returned '2': CMAKE_PREFIX_PATH=${CMAKE_PREFIX_PATH}:/opt/ros/foxy /usr/bin/cmake --build /home/andrewubuntu/software-start-here/build/turtle_package -- -j2 -l2
