[35m[1mScanning dependencies of target turtle_sine[0m
[ 50%] Built target turtle_node
[ 75%] [32mBuilding CXX object CMakeFiles/turtle_sine.dir/src/turtle_publisher.cpp.o[0m
[01m[K/home/andrewubuntu/software-start-here/src/turtle_package/src/turtle_publisher.cpp:[m[K In member function â€˜[01m[Kvoid TurtlePublisher::timer_callback()[m[Kâ€™:
[01m[K/home/andrewubuntu/software-start-here/src/turtle_package/src/turtle_publisher.cpp:28:41:[m[K [01;31m[Kerror: [m[Kâ€˜[01m[Kclass rclcpp::Time[m[Kâ€™ has no member named â€˜[01m[KtoSec[m[Kâ€™
   28 |       double time = rclcpp::Node::now().[01;31m[KtoSec[m[K;
      |                                         [01;31m[K^~~~~[m[K
make[2]: *** [CMakeFiles/turtle_sine.dir/build.make:63: CMakeFiles/turtle_sine.dir/src/turtle_publisher.cpp.o] Error 1
make[1]: *** [CMakeFiles/Makefile2:107: CMakeFiles/turtle_sine.dir/all] Error 2
make: *** [Makefile:141: all] Error 2
