[0.015s] Invoking command in '/home/jared/subbot/software-start-here/build/challenge': CMAKE_PREFIX_PATH=/opt/ros/foxy /usr/bin/cmake --build /home/jared/subbot/software-start-here/build/challenge -- -j8 -l8
[0.078s] [35m[1mScanning dependencies of target solution[0m
[0.112s] [ 50%] [32mBuilding CXX object CMakeFiles/solution.dir/src/solution.cpp.o[0m
[1.360s] [01m[K/home/jared/subbot/software-start-here/src/challenge/src/solution.cpp:[m[K In constructor â€˜[01m[Ksolution::solution()[m[Kâ€™:
[1.360s] [01m[K/home/jared/subbot/software-start-here/src/challenge/src/solution.cpp:21:42:[m[K [01;31m[Kerror: [m[Kexpected â€˜[01m[K)[m[Kâ€™ before â€˜[01m[Kms[m[Kâ€™
[1.360s]    21 |       timer_ = this->create_wall_timer[34m[K([m[K10[01;31m[K [m[K[32m[Kms[m[K, std::bind(&solution::sine_motion, this));
[1.360s]       |                                       [34m[K~[m[K  [01;31m[K^[m[K[32m[K~~[m[K
[1.360s]       |                                          [32m[K)[m[K
[1.365s] [01m[K/home/jared/subbot/software-start-here/src/challenge/src/solution.cpp:21:86:[m[K [01;31m[Kerror: [m[Kno matching function for call to â€˜[01m[Ksolution::create_wall_timer(int, std::_Bind_helper<false, void (solution::*)(), solution*>::type)[m[Kâ€™
[1.366s]    21 |       timer_ = this->create_wall_timer(10 ms, std::bind(&solution::sine_motion, this)[01;31m[K)[m[K;
[1.366s]       |                                                                                      [01;31m[K^[m[K
[1.366s] In file included from [01m[K/opt/ros/foxy/include/rclcpp/executors/single_threaded_executor.hpp:28[m[K,
[1.366s]                  from [01m[K/opt/ros/foxy/include/rclcpp/executors.hpp:22[m[K,
[1.366s]                  from [01m[K/opt/ros/foxy/include/rclcpp/rclcpp.hpp:146[m[K,
[1.366s]                  from [01m[K/home/jared/subbot/software-start-here/src/challenge/src/solution.cpp:8[m[K:
[1.366s] [01m[K/opt/ros/foxy/include/rclcpp/node.hpp:232:3:[m[K [01;36m[Knote: [m[Kcandidate: â€˜[01m[Ktemplate<class DurationRepT, class DurationT, class CallbackT> typename rclcpp::WallTimer<CallbackT>::SharedPtr rclcpp::Node::create_wall_timer(std::chrono::duration<_Rep1, _Period1>, CallbackT, rclcpp::CallbackGroup::SharedPtr)[m[Kâ€™
[1.366s]   232 |   [01;36m[Kcreate_wall_timer[m[K(
[1.366s]       |   [01;36m[K^~~~~~~~~~~~~~~~~[m[K
[1.366s] [01m[K/opt/ros/foxy/include/rclcpp/node.hpp:232:3:[m[K [01;36m[Knote: [m[K  template argument deduction/substitution failed:
[1.366s] [01m[K/home/jared/subbot/software-start-here/src/challenge/src/solution.cpp:21:86:[m[K [01;36m[Knote: [m[K  mismatched types â€˜[01m[Kstd::chrono::duration<_Rep1, _Period1>[m[Kâ€™ and â€˜[01m[Kint[m[Kâ€™
[1.366s]    21 |       timer_ = this->create_wall_timer(10 ms, std::bind(&solution::sine_motion, this)[01;36m[K)[m[K;
[1.366s]       |                                                                                      [01;36m[K^[m[K
[1.996s] make[2]: *** [CMakeFiles/solution.dir/build.make:63: CMakeFiles/solution.dir/src/solution.cpp.o] Error 1
[1.996s] make[1]: *** [CMakeFiles/Makefile2:78: CMakeFiles/solution.dir/all] Error 2
[1.996s] make: *** [Makefile:141: all] Error 2
[1.998s] Invoked command in '/home/jared/subbot/software-start-here/build/challenge' returned '2': CMAKE_PREFIX_PATH=/opt/ros/foxy /usr/bin/cmake --build /home/jared/subbot/software-start-here/build/challenge -- -j8 -l8
