[0.018s] Invoking command in '/home/jared/subbot/software-start-here/build/challenge': CMAKE_PREFIX_PATH=/opt/ros/foxy /usr/bin/cmake --build /home/jared/subbot/software-start-here/build/challenge -- -j8 -l8
[0.063s] [35m[1mScanning dependencies of target solution[0m
[0.092s] [ 50%] [32mBuilding CXX object CMakeFiles/solution.dir/src/solution.cpp.o[0m
[0.202s] [01m[K/home/jared/subbot/software-start-here/src/challenge/src/solution.cpp:9:10:[m[K [01;31m[Kfatal error: [m[Kgeometry_msgs/Twist: No such file or directory
[0.202s]     9 | #include [01;31m[K"geometry_msgs/Twist"[m[K
[0.202s]       |          [01;31m[K^~~~~~~~~~~~~~~~~~~~~[m[K
[0.202s] compilation terminated.
[0.209s] make[2]: *** [CMakeFiles/solution.dir/build.make:63: CMakeFiles/solution.dir/src/solution.cpp.o] Error 1
[0.210s] make[1]: *** [CMakeFiles/Makefile2:78: CMakeFiles/solution.dir/all] Error 2
[0.210s] make: *** [Makefile:141: all] Error 2
[0.214s] Invoked command in '/home/jared/subbot/software-start-here/build/challenge' returned '2': CMAKE_PREFIX_PATH=/opt/ros/foxy /usr/bin/cmake --build /home/jared/subbot/software-start-here/build/challenge -- -j8 -l8
