[0.032s] Invoking command in '/home/andrewubuntu/software-start-here/build/turtle_package': CMAKE_PREFIX_PATH=${CMAKE_PREFIX_PATH}:/opt/ros/foxy /usr/bin/cmake --build /home/andrewubuntu/software-start-here/build/turtle_package -- -j2 -l2
[0.101s] [35m[1mScanning dependencies of target turtle_sine[0m
[0.122s] [ 50%] Built target turtle_node
[0.144s] [ 75%] [32mBuilding CXX object CMakeFiles/turtle_sine.dir/src/turtle_publisher.cpp.o[0m
[2.755s] [01m[K/home/andrewubuntu/software-start-here/src/turtle_package/src/turtle_publisher.cpp:[m[K In member function â€˜[01m[Kvoid TurtlePublisher::timer_callback()[m[Kâ€™:
[2.755s] [01m[K/home/andrewubuntu/software-start-here/src/turtle_package/src/turtle_publisher.cpp:28:7:[m[K [01;31m[Kerror: [m[Kâ€˜[01m[Krclcpp::Time::__ct [m[Kâ€™ names the constructor, not the type
[2.755s]    28 |       [01;31m[Krclcpp[m[K::Time::Time time = rclcpp::Node::now()
[2.755s]       |       [01;31m[K^~~~~~[m[K
[2.756s] [01m[K/home/andrewubuntu/software-start-here/src/turtle_package/src/turtle_publisher.cpp:28:25:[m[K [01;31m[Kerror: [m[Kexpected â€˜[01m[K;[m[Kâ€™ before â€˜[01m[Ktime[m[Kâ€™
[2.756s]    28 |       rclcpp::Time::Time[01;31m[K [m[K[32m[Ktime[m[K = rclcpp::Node::now()
[2.756s]       |                         [01;31m[K^[m[K[32m[K~~~~[m[K
[2.756s]       |                         [32m[K;[m[K
[2.756s] [01m[K/home/andrewubuntu/software-start-here/src/turtle_package/src/turtle_publisher.cpp:29:40:[m[K [01;31m[Kerror: [m[Kstatement cannot resolve address of overloaded function
[2.757s]    29 |       geometry_msgs::msg::Twist message[01;31m[K;[m[K
[2.757s]       |                                        [01;31m[K^[m[K
[2.759s] [01m[K/home/andrewubuntu/software-start-here/src/turtle_package/src/turtle_publisher.cpp:30:7:[m[K [01;31m[Kerror: [m[Kâ€˜[01m[Kmessage[m[Kâ€™ was not declared in this scope
[2.759s]    30 |       [01;31m[Kmessage[m[K.linear.x = time;
[2.759s]       |       [01;31m[K^~~~~~~[m[K
[4.415s] make[2]: *** [CMakeFiles/turtle_sine.dir/build.make:63: CMakeFiles/turtle_sine.dir/src/turtle_publisher.cpp.o] Error 1
[4.417s] make[1]: *** [CMakeFiles/Makefile2:107: CMakeFiles/turtle_sine.dir/all] Error 2
[4.417s] make: *** [Makefile:141: all] Error 2
[4.421s] Invoked command in '/home/andrewubuntu/software-start-here/build/turtle_package' returned '2': CMAKE_PREFIX_PATH=${CMAKE_PREFIX_PATH}:/opt/ros/foxy /usr/bin/cmake --build /home/andrewubuntu/software-start-here/build/turtle_package -- -j2 -l2
