[0.000000] (-) TimerEvent: {}
[0.000494] (challenge) JobQueued: {'identifier': 'challenge', 'dependencies': OrderedDict()}
[0.001496] (challenge) JobStarted: {'identifier': 'challenge'}
[0.019784] (challenge) JobProgress: {'identifier': 'challenge', 'progress': 'cmake'}
[0.020116] (challenge) Command: {'cmd': ['/usr/bin/cmake', '/home/jared/subbot/software-start-here/src/challenge', '-DCMAKE_INSTALL_PREFIX=/home/jared/subbot/software-start-here/install/challenge'], 'cwd': '/home/jared/subbot/software-start-here/build/challenge', 'env': OrderedDict([('LANGUAGE', 'en_CA:en'), ('USER', 'jared'), ('SSH_AGENT_PID', '1696'), ('XDG_SESSION_TYPE', 'x11'), ('SHLVL', '1'), ('LD_LIBRARY_PATH', '/usr/lib/x86_64-linux-gnu/gazebo-11/plugins:/opt/ros/foxy/opt/yaml_cpp_vendor/lib:/opt/ros/foxy/opt/rviz_ogre_vendor/lib:/opt/ros/foxy/lib/x86_64-linux-gnu:/opt/ros/foxy/lib'), ('HOME', '/home/jared'), ('OLDPWD', '/home/jared/subbot/software-start-here/src'), ('DESKTOP_SESSION', 'ubuntu'), ('ROS_PYTHON_VERSION', '3'), ('GNOME_SHELL_SESSION_MODE', 'ubuntu'), ('GTK_MODULES', 'gail:atk-bridge'), ('MANAGERPID', '1506'), ('DBUS_SESSION_BUS_ADDRESS', 'unix:path=/run/user/1000/bus'), ('COLORTERM', 'truecolor'), ('_colcon_cd_root', '/home/jared/ros2_install'), ('IM_CONFIG_PHASE', '1'), ('ROS_DISTRO', 'foxy'), ('LOGNAME', 'jared'), ('JOURNAL_STREAM', '9:45149'), ('_', '/usr/bin/colcon'), ('ROS_VERSION', '2'), ('XDG_SESSION_CLASS', 'user'), ('USERNAME', 'jared'), ('TERM', 'xterm-256color'), ('GNOME_DESKTOP_SESSION_ID', 'this-is-deprecated'), ('ROS_LOCALHOST_ONLY', '0'), ('WINDOWPATH', '2'), ('PATH', '/opt/ros/foxy/bin:/home/jared/.local/bin:/usr/local/sbin:/usr/local/bin:/usr/sbin:/usr/bin:/sbin:/bin:/usr/games:/usr/local/games:/snap/bin:/root/.gem/ruby/2.7.0/bin:/home/jared/.gem/ruby/2.7.0/bin:/home/jared/scripts'), ('SESSION_MANAGER', 'local/jubuntu:@/tmp/.ICE-unix/1739,unix/jubuntu:/tmp/.ICE-unix/1739'), ('INVOCATION_ID', 'e41a210809414c5c8b9a68304b16fc69'), ('XDG_MENU_PREFIX', 'gnome-'), ('GNOME_TERMINAL_SCREEN', '/org/gnome/Terminal/screen/903603fd_18ce_4b9a_81f1_2cf64c9671c6'), ('XDG_RUNTIME_DIR', '/run/user/1000'), ('DISPLAY', ':0'), ('LANG', 'en_US.UTF-8'), ('XDG_CURRENT_DESKTOP', 'ubuntu:GNOME'), ('XMODIFIERS', '@im=ibus'), ('XDG_SESSION_DESKTOP', 'ubuntu'), ('XAUTHORITY', '/run/user/1000/gdm/Xauthority'), ('GNOME_TERMINAL_SERVICE', ':1.124'), ('SSH_AUTH_SOCK', '/run/user/1000/keyring/ssh'), ('AMENT_PREFIX_PATH', '/opt/ros/foxy'), ('SHELL', '/bin/bash'), ('QT_ACCESSIBILITY', '1'), ('GDMSESSION', 'ubuntu'), ('GPG_AGENT_INFO', '/run/user/1000/gnupg/S.gpg-agent:0:1'), ('QT_IM_MODULE', 'ibus'), ('PWD', '/home/jared/subbot/software-start-here/build/challenge'), ('LC_ALL', 'en_US.UTF-8'), ('XDG_CONFIG_DIRS', '/etc/xdg/xdg-ubuntu:/etc/xdg'), ('XDG_DATA_DIRS', '/usr/share/ubuntu:/usr/local/share/:/usr/share/:/var/lib/snapd/desktop'), ('PYTHONPATH', '/opt/ros/foxy/lib/python3.8/site-packages'), ('COLCON', '1'), ('VTE_VERSION', '6003'), ('EDITOR', '/usr/bin/vim'), ('CMAKE_PREFIX_PATH', '/opt/ros/foxy')]), 'shell': False}
[0.100131] (-) TimerEvent: {}
[0.200852] (-) TimerEvent: {}
[0.220958] (challenge) StdoutLine: {'line': b'-- The C compiler identification is GNU 9.3.0\n'}
[0.300961] (-) TimerEvent: {}
[0.308469] (challenge) StdoutLine: {'line': b'-- The CXX compiler identification is GNU 9.3.0\n'}
[0.317616] (challenge) StdoutLine: {'line': b'-- Check for working C compiler: /usr/bin/cc\n'}
[0.390249] (challenge) StdoutLine: {'line': b'-- Check for working C compiler: /usr/bin/cc -- works\n'}
[0.391998] (challenge) StdoutLine: {'line': b'-- Detecting C compiler ABI info\n'}
[0.401058] (-) TimerEvent: {}
[0.464684] (challenge) StdoutLine: {'line': b'-- Detecting C compiler ABI info - done\n'}
[0.477465] (challenge) StdoutLine: {'line': b'-- Detecting C compile features\n'}
[0.478061] (challenge) StdoutLine: {'line': b'-- Detecting C compile features - done\n'}
[0.481683] (challenge) StdoutLine: {'line': b'-- Check for working CXX compiler: /usr/bin/c++\n'}
[0.501193] (-) TimerEvent: {}
[0.558893] (challenge) StdoutLine: {'line': b'-- Check for working CXX compiler: /usr/bin/c++ -- works\n'}
[0.560262] (challenge) StdoutLine: {'line': b'-- Detecting CXX compiler ABI info\n'}
[0.601360] (-) TimerEvent: {}
[0.642759] (challenge) StdoutLine: {'line': b'-- Detecting CXX compiler ABI info - done\n'}
[0.657362] (challenge) StdoutLine: {'line': b'-- Detecting CXX compile features\n'}
[0.658047] (challenge) StdoutLine: {'line': b'-- Detecting CXX compile features - done\n'}
[0.665713] (challenge) StdoutLine: {'line': b'-- Found ament_cmake: 0.9.6 (/opt/ros/foxy/share/ament_cmake/cmake)\n'}
[0.694107] (challenge) StdoutLine: {'line': b'-- Found PythonInterp: /usr/bin/python3 (found suitable version "3.8.2", minimum required is "3") \n'}
[0.694448] (challenge) StdoutLine: {'line': b'-- Using PYTHON_EXECUTABLE: /usr/bin/python3\n'}
[0.701453] (-) TimerEvent: {}
[0.801713] (-) TimerEvent: {}
[0.902027] (-) TimerEvent: {}
[0.922570] (challenge) StdoutLine: {'line': b'-- Found rclcpp: 2.1.0 (/opt/ros/foxy/share/rclcpp/cmake)\n'}
[0.973096] (challenge) StdoutLine: {'line': b'-- Using all available rosidl_typesupport_c: rosidl_typesupport_fastrtps_c;rosidl_typesupport_introspection_c\n'}
[0.982728] (challenge) StdoutLine: {'line': b'-- Found rosidl_adapter: 1.1.0 (/opt/ros/foxy/share/rosidl_adapter/cmake)\n'}
[1.002120] (-) TimerEvent: {}
[1.073527] (challenge) StdoutLine: {'line': b'-- Found OpenSSL: /usr/lib/x86_64-linux-gnu/libcrypto.so (found version "1.1.1f")  \n'}
[1.101445] (challenge) StdoutLine: {'line': b'-- Found FastRTPS: /opt/ros/foxy/include  \n'}
[1.102259] (-) TimerEvent: {}
[1.196757] (challenge) StdoutLine: {'line': b'-- Using all available rosidl_typesupport_cpp: rosidl_typesupport_fastrtps_cpp;rosidl_typesupport_introspection_cpp\n'}
[1.202383] (-) TimerEvent: {}
[1.269419] (challenge) StdoutLine: {'line': b'-- Found rmw_implementation_cmake: 1.0.1 (/opt/ros/foxy/share/rmw_implementation_cmake/cmake)\n'}
[1.272247] (challenge) StdoutLine: {'line': b"-- Using RMW implementation 'rmw_fastrtps_cpp' as default\n"}
[1.274570] (challenge) StdoutLine: {'line': b'-- Looking for pthread.h\n'}
[1.302542] (-) TimerEvent: {}
[1.348289] (challenge) StdoutLine: {'line': b'-- Looking for pthread.h - found\n'}
[1.348595] (challenge) StdoutLine: {'line': b'-- Performing Test CMAKE_HAVE_LIBC_PTHREAD\n'}
[1.402691] (-) TimerEvent: {}
[1.426208] (challenge) StdoutLine: {'line': b'-- Performing Test CMAKE_HAVE_LIBC_PTHREAD - Failed\n'}
[1.426545] (challenge) StdoutLine: {'line': b'-- Looking for pthread_create in pthreads\n'}
[1.487903] (challenge) StdoutLine: {'line': b'-- Looking for pthread_create in pthreads - not found\n'}
[1.488117] (challenge) StdoutLine: {'line': b'-- Looking for pthread_create in pthread\n'}
[1.502816] (-) TimerEvent: {}
[1.559806] (challenge) StdoutLine: {'line': b'-- Looking for pthread_create in pthread - found\n'}
[1.561164] (challenge) StdoutLine: {'line': b'-- Found Threads: TRUE  \n'}
[1.602951] (-) TimerEvent: {}
[1.703317] (-) TimerEvent: {}
[1.747923] (challenge) StdoutLine: {'line': b'-- Found geometry_msgs: 2.0.3 (/opt/ros/foxy/share/geometry_msgs/cmake)\n'}
[1.789279] (challenge) StdoutLine: {'line': b'-- Found ament_lint_auto: 0.9.5 (/opt/ros/foxy/share/ament_lint_auto/cmake)\n'}
[1.803420] (-) TimerEvent: {}
[1.875089] (challenge) StdoutLine: {'line': b"-- Added test 'copyright' to check source files copyright and LICENSE\n"}
[1.877179] (challenge) StdoutLine: {'line': b"-- Added test 'cppcheck' to perform static code analysis on C / C++ code\n"}
[1.877563] (challenge) StdoutLine: {'line': b'-- Configured cppcheck include dirs: $<BUILD_INTERFACE:/home/jared/subbot/software-start-here/src/challenge/include>\n'}
[1.877731] (challenge) StdoutLine: {'line': b'-- Configured cppcheck exclude dirs and/or files: \n'}
[1.879061] (challenge) StdoutLine: {'line': b"-- Added test 'cpplint' to check C / C++ code against the Google style\n"}
[1.879240] (challenge) StdoutLine: {'line': b'-- Configured cpplint exclude dirs and/or files: \n'}
[1.880606] (challenge) StdoutLine: {'line': b"-- Added test 'lint_cmake' to check CMake code style\n"}
[1.882516] (challenge) StdoutLine: {'line': b"-- Added test 'uncrustify' to check C / C++ code style\n"}
[1.882740] (challenge) StdoutLine: {'line': b'-- Configured uncrustify additional arguments: \n'}
[1.883661] (challenge) StdoutLine: {'line': b"-- Added test 'xmllint' to check XML markup files\n"}
[1.887989] (challenge) StdoutLine: {'line': b'-- Configuring done\n'}
[1.896539] (challenge) StdoutLine: {'line': b'-- Generating done\n'}
[1.898990] (challenge) StdoutLine: {'line': b'-- Build files have been written to: /home/jared/subbot/software-start-here/build/challenge\n'}
[1.903509] (-) TimerEvent: {}
[1.907246] (challenge) CommandEnded: {'returncode': 0}
[1.907968] (challenge) JobProgress: {'identifier': 'challenge', 'progress': 'build'}
[1.910067] (challenge) Command: {'cmd': ['/usr/bin/cmake', '--build', '/home/jared/subbot/software-start-here/build/challenge', '--', '-j8', '-l8'], 'cwd': '/home/jared/subbot/software-start-here/build/challenge', 'env': OrderedDict([('LANGUAGE', 'en_CA:en'), ('USER', 'jared'), ('SSH_AGENT_PID', '1696'), ('XDG_SESSION_TYPE', 'x11'), ('SHLVL', '1'), ('LD_LIBRARY_PATH', '/usr/lib/x86_64-linux-gnu/gazebo-11/plugins:/opt/ros/foxy/opt/yaml_cpp_vendor/lib:/opt/ros/foxy/opt/rviz_ogre_vendor/lib:/opt/ros/foxy/lib/x86_64-linux-gnu:/opt/ros/foxy/lib'), ('HOME', '/home/jared'), ('OLDPWD', '/home/jared/subbot/software-start-here/src'), ('DESKTOP_SESSION', 'ubuntu'), ('ROS_PYTHON_VERSION', '3'), ('GNOME_SHELL_SESSION_MODE', 'ubuntu'), ('GTK_MODULES', 'gail:atk-bridge'), ('MANAGERPID', '1506'), ('DBUS_SESSION_BUS_ADDRESS', 'unix:path=/run/user/1000/bus'), ('COLORTERM', 'truecolor'), ('_colcon_cd_root', '/home/jared/ros2_install'), ('IM_CONFIG_PHASE', '1'), ('ROS_DISTRO', 'foxy'), ('LOGNAME', 'jared'), ('JOURNAL_STREAM', '9:45149'), ('_', '/usr/bin/colcon'), ('ROS_VERSION', '2'), ('XDG_SESSION_CLASS', 'user'), ('USERNAME', 'jared'), ('TERM', 'xterm-256color'), ('GNOME_DESKTOP_SESSION_ID', 'this-is-deprecated'), ('ROS_LOCALHOST_ONLY', '0'), ('WINDOWPATH', '2'), ('PATH', '/opt/ros/foxy/bin:/home/jared/.local/bin:/usr/local/sbin:/usr/local/bin:/usr/sbin:/usr/bin:/sbin:/bin:/usr/games:/usr/local/games:/snap/bin:/root/.gem/ruby/2.7.0/bin:/home/jared/.gem/ruby/2.7.0/bin:/home/jared/scripts'), ('SESSION_MANAGER', 'local/jubuntu:@/tmp/.ICE-unix/1739,unix/jubuntu:/tmp/.ICE-unix/1739'), ('INVOCATION_ID', 'e41a210809414c5c8b9a68304b16fc69'), ('XDG_MENU_PREFIX', 'gnome-'), ('GNOME_TERMINAL_SCREEN', '/org/gnome/Terminal/screen/903603fd_18ce_4b9a_81f1_2cf64c9671c6'), ('XDG_RUNTIME_DIR', '/run/user/1000'), ('DISPLAY', ':0'), ('LANG', 'en_US.UTF-8'), ('XDG_CURRENT_DESKTOP', 'ubuntu:GNOME'), ('XMODIFIERS', '@im=ibus'), ('XDG_SESSION_DESKTOP', 'ubuntu'), ('XAUTHORITY', '/run/user/1000/gdm/Xauthority'), ('GNOME_TERMINAL_SERVICE', ':1.124'), ('SSH_AUTH_SOCK', '/run/user/1000/keyring/ssh'), ('AMENT_PREFIX_PATH', '/opt/ros/foxy'), ('SHELL', '/bin/bash'), ('QT_ACCESSIBILITY', '1'), ('GDMSESSION', 'ubuntu'), ('GPG_AGENT_INFO', '/run/user/1000/gnupg/S.gpg-agent:0:1'), ('QT_IM_MODULE', 'ibus'), ('PWD', '/home/jared/subbot/software-start-here/build/challenge'), ('LC_ALL', 'en_US.UTF-8'), ('XDG_CONFIG_DIRS', '/etc/xdg/xdg-ubuntu:/etc/xdg'), ('XDG_DATA_DIRS', '/usr/share/ubuntu:/usr/local/share/:/usr/share/:/var/lib/snapd/desktop'), ('PYTHONPATH', '/opt/ros/foxy/lib/python3.8/site-packages'), ('COLCON', '1'), ('VTE_VERSION', '6003'), ('EDITOR', '/usr/bin/vim'), ('CMAKE_PREFIX_PATH', '/opt/ros/foxy')]), 'shell': False}
[1.958913] (challenge) StdoutLine: {'line': b'\x1b[35m\x1b[1mScanning dependencies of target solution\x1b[0m\n'}
[2.003645] (-) TimerEvent: {}
[2.062638] (challenge) StdoutLine: {'line': b'[ 50%] \x1b[32mBuilding CXX object CMakeFiles/solution.dir/src/solution.cpp.o\x1b[0m\n'}
[2.103773] (-) TimerEvent: {}
[2.174948] (challenge) StderrLine: {'line': b'\x1b[01m\x1b[K/home/jared/subbot/software-start-here/src/challenge/src/solution.cpp:9:10:\x1b[m\x1b[K \x1b[01;31m\x1b[Kfatal error: \x1b[m\x1b[Kgeometry_msgs/geometry_msgs.h: No such file or directory\n'}
[2.175197] (challenge) StderrLine: {'line': b'    9 | #include \x1b[01;31m\x1b[K"geometry_msgs/geometry_msgs.h"\x1b[m\x1b[K\n'}
[2.175297] (challenge) StderrLine: {'line': b'      |          \x1b[01;31m\x1b[K^~~~~~~~~~~~~~~~~~~~~~~~~~~~~~~\x1b[m\x1b[K\n'}
[2.175370] (challenge) StderrLine: {'line': b'compilation terminated.\n'}
[2.176737] (challenge) StderrLine: {'line': b'make[2]: *** [CMakeFiles/solution.dir/build.make:63: CMakeFiles/solution.dir/src/solution.cpp.o] Error 1\n'}
[2.176960] (challenge) StderrLine: {'line': b'make[1]: *** [CMakeFiles/Makefile2:78: CMakeFiles/solution.dir/all] Error 2\n'}
[2.177208] (challenge) StderrLine: {'line': b'make: *** [Makefile:141: all] Error 2\n'}
[2.179347] (challenge) CommandEnded: {'returncode': 2}
[2.179722] (challenge) JobEnded: {'identifier': 'challenge', 'rc': 2}
[2.189929] (-) EventReactorShutdown: {}
