[35m[1mScanning dependencies of target turtle_sine[0m
[ 50%] Built target turtle_node
[ 75%] [32mBuilding CXX object CMakeFiles/turtle_sine.dir/src/turtle_publisher.cpp.o[0m
[01m[K/home/andrewubuntu/software-start-here/src/turtle_package/src/turtle_publisher.cpp:35:38:[m[K [01;31m[Kerror: [m[Kâ€˜[01m[KTwist[m[Kâ€™ is not a member of â€˜[01m[Kgeometry_msgs[m[Kâ€™; did you mean â€˜[01m[Kgeometry_msgs::msg::Twist[m[Kâ€™?
   35 |     rclcpp::Publisher<geometry_msgs::[01;31m[KTwist[m[K>::SharedPtr publisher_;
      |                                      [01;31m[K^~~~~[m[K
In file included from [01m[K/opt/ros/foxy/include/geometry_msgs/msg/twist.hpp:7[m[K,
                 from [01m[K/home/andrewubuntu/software-start-here/src/turtle_package/src/turtle_publisher.cpp:7[m[K:
[01m[K/opt/ros/foxy/include/geometry_msgs/msg/detail/twist__struct.hpp:133:7:[m[K [01;36m[Knote: [m[Kâ€˜[01m[Kgeometry_msgs::msg::Twist[m[Kâ€™ declared here
  133 | using [01;36m[KTwist[m[K =
      |       [01;36m[K^~~~~[m[K
[01m[K/home/andrewubuntu/software-start-here/src/turtle_package/src/turtle_publisher.cpp:35:38:[m[K [01;31m[Kerror: [m[Kâ€˜[01m[KTwist[m[Kâ€™ is not a member of â€˜[01m[Kgeometry_msgs[m[Kâ€™; did you mean â€˜[01m[Kgeometry_msgs::msg::Twist[m[Kâ€™?
   35 |     rclcpp::Publisher<geometry_msgs::[01;31m[KTwist[m[K>::SharedPtr publisher_;
      |                                      [01;31m[K^~~~~[m[K
In file included from [01m[K/opt/ros/foxy/include/geometry_msgs/msg/twist.hpp:7[m[K,
                 from [01m[K/home/andrewubuntu/software-start-here/src/turtle_package/src/turtle_publisher.cpp:7[m[K:
[01m[K/opt/ros/foxy/include/geometry_msgs/msg/detail/twist__struct.hpp:133:7:[m[K [01;36m[Knote: [m[Kâ€˜[01m[Kgeometry_msgs::msg::Twist[m[Kâ€™ declared here
  133 | using [01;36m[KTwist[m[K =
      |       [01;36m[K^~~~~[m[K
[01m[K/home/andrewubuntu/software-start-here/src/turtle_package/src/turtle_publisher.cpp:35:43:[m[K [01;31m[Kerror: [m[Ktemplate argument 1 is invalid
   35 |     rclcpp::Publisher<geometry_msgs::Twist[01;31m[K>[m[K::SharedPtr publisher_;
      |                                           [01;31m[K^[m[K
[01m[K/home/andrewubuntu/software-start-here/src/turtle_package/src/turtle_publisher.cpp:35:46:[m[K [01;31m[Kerror: [m[Kexpected â€˜[01m[K;[m[Kâ€™ at end of member declaration
   35 |     rclcpp::Publisher<geometry_msgs::Twist>::[01;31m[KSharedPtr[m[K publisher_;
      |                                              [01;31m[K^~~~~~~~~[m[K
      |                                                       [32m[K;[m[K
[01m[K/home/andrewubuntu/software-start-here/src/turtle_package/src/turtle_publisher.cpp:35:56:[m[K [01;31m[Kerror: [m[Kâ€˜[01m[Kpublisher_[m[Kâ€™ does not name a type; did you mean â€˜[01m[Krcl_publisher_t[m[Kâ€™?
   35 |     rclcpp::Publisher<geometry_msgs::Twist>::SharedPtr [01;31m[Kpublisher_[m[K;
      |                                                        [01;31m[K^~~~~~~~~~[m[K
      |                                                        [32m[Krcl_publisher_t[m[K
[01m[K/home/andrewubuntu/software-start-here/src/turtle_package/src/turtle_publisher.cpp:[m[K In constructor â€˜[01m[KTurtlePublisher::TurtlePublisher()[m[Kâ€™:
[01m[K/home/andrewubuntu/software-start-here/src/turtle_package/src/turtle_publisher.cpp:20:7:[m[K [01;31m[Kerror: [m[Kâ€˜[01m[Kpublisher_[m[Kâ€™ was not declared in this scope; did you mean â€˜[01m[Krcl_publisher_t[m[Kâ€™?
   20 |       [01;31m[Kpublisher_[m[K = this->create_publisher<geometry_msgs:Twist>("/turtle1/cmd_vel", 10);
      |       [01;31m[K^~~~~~~~~~[m[K
      |       [32m[Krcl_publisher_t[m[K
[01m[K/home/andrewubuntu/software-start-here/src/turtle_package/src/turtle_publisher.cpp:20:56:[m[K [01;31m[Kerror: [m[Kfound â€˜[01m[K:[m[Kâ€™ in nested-name-specifier, expected â€˜[01m[K::[m[Kâ€™
   20 |       publisher_ = this->create_publisher<geometry_msgs[01;31m[K:[m[KTwist>("/turtle1/cmd_vel", 10);
      |                                                        [01;31m[K^[m[K
      |                                                        [32m[K::[m[K
[01m[K/home/andrewubuntu/software-start-here/src/turtle_package/src/turtle_publisher.cpp:20:57:[m[K [01;31m[Kerror: [m[Kâ€˜[01m[KTwist[m[Kâ€™ is not a member of â€˜[01m[Kgeometry_msgs[m[Kâ€™; did you mean â€˜[01m[Kgeometry_msgs::msg::Twist[m[Kâ€™?
   20 |       publisher_ = this->create_publisher<geometry_msgs:[01;31m[KTwist[m[K>("/turtle1/cmd_vel", 10);
      |                                                         [01;31m[K^~~~~[m[K
In file included from [01m[K/opt/ros/foxy/include/geometry_msgs/msg/twist.hpp:7[m[K,
                 from [01m[K/home/andrewubuntu/software-start-here/src/turtle_package/src/turtle_publisher.cpp:7[m[K:
[01m[K/opt/ros/foxy/include/geometry_msgs/msg/detail/twist__struct.hpp:133:7:[m[K [01;36m[Knote: [m[Kâ€˜[01m[Kgeometry_msgs::msg::Twist[m[Kâ€™ declared here
  133 | using [01;36m[KTwist[m[K =
      |       [01;36m[K^~~~~[m[K
[01m[K/home/andrewubuntu/software-start-here/src/turtle_package/src/turtle_publisher.cpp:20:57:[m[K [01;31m[Kerror: [m[Kâ€˜[01m[KTwist[m[Kâ€™ is not a member of â€˜[01m[Kgeometry_msgs[m[Kâ€™; did you mean â€˜[01m[Kgeometry_msgs::msg::Twist[m[Kâ€™?
   20 |       publisher_ = this->create_publisher<geometry_msgs:[01;31m[KTwist[m[K>("/turtle1/cmd_vel", 10);
      |                                                         [01;31m[K^~~~~[m[K
In file included from [01m[K/opt/ros/foxy/include/geometry_msgs/msg/twist.hpp:7[m[K,
                 from [01m[K/home/andrewubuntu/software-start-here/src/turtle_package/src/turtle_publisher.cpp:7[m[K:
[01m[K/opt/ros/foxy/include/geometry_msgs/msg/detail/twist__struct.hpp:133:7:[m[K [01;36m[Knote: [m[Kâ€˜[01m[Kgeometry_msgs::msg::Twist[m[Kâ€™ declared here
  133 | using [01;36m[KTwist[m[K =
      |       [01;36m[K^~~~~[m[K
[01m[K/home/andrewubuntu/software-start-here/src/turtle_package/src/turtle_publisher.cpp:20:86:[m[K [01;31m[Kerror: [m[Kno matching function for call to â€˜[01m[KTurtlePublisher::create_publisher<<expression error> >(const char [17], int)[m[Kâ€™
   20 | >create_publisher<geometry_msgs:Twist>("/turtle1/cmd_vel", 10[01;31m[K)[m[K;
      |                                                              [01;31m[K^[m[K

In file included from [01m[K/opt/ros/foxy/include/rclcpp/executors/single_threaded_executor.hpp:28[m[K,
                 from [01m[K/opt/ros/foxy/include/rclcpp/executors.hpp:22[m[K,
                 from [01m[K/opt/ros/foxy/include/rclcpp/rclcpp.hpp:146[m[K,
                 from [01m[K/home/andrewubuntu/software-start-here/src/turtle_package/src/turtle_publisher.cpp:6[m[K:
[01m[K/opt/ros/foxy/include/rclcpp/node.hpp:184:3:[m[K [01;36m[Knote: [m[Kcandidate: â€˜[01m[Ktemplate<class MessageT, class AllocatorT, class PublisherT> std::shared_ptr<PublisherT> rclcpp::Node::create_publisher(const string&, const rclcpp::QoS&, const rclcpp::PublisherOptionsWithAllocator<AllocatorT>&)[m[Kâ€™
  184 |   [01;36m[Kcreate_publisher[m[K(
      |   [01;36m[K^~~~~~~~~~~~~~~~[m[K
[01m[K/opt/ros/foxy/include/rclcpp/node.hpp:184:3:[m[K [01;36m[Knote: [m[K  template argument deduction/substitution failed:
[01m[K/home/andrewubuntu/software-start-here/src/turtle_package/src/turtle_publisher.cpp:20:86:[m[K [01;31m[Kerror: [m[Ktemplate argument 1 is invalid
   20 | >create_publisher<geometry_msgs:Twist>("/turtle1/cmd_vel", 10[01;31m[K)[m[K;
      |                                                              [01;31m[K^[m[K

[01m[K/home/andrewubuntu/software-start-here/src/turtle_package/src/turtle_publisher.cpp:[m[K In member function â€˜[01m[Kvoid TurtlePublisher::timer_callback()[m[Kâ€™:
[01m[K/home/andrewubuntu/software-start-here/src/turtle_package/src/turtle_publisher.cpp:28:22:[m[K [01;31m[Kerror: [m[Kâ€˜[01m[KTwist[m[Kâ€™ is not a member of â€˜[01m[Kgeometry_msgs[m[Kâ€™; did you mean â€˜[01m[Kgeometry_msgs::msg::Twist[m[Kâ€™?
   28 |       geometry_msgs::[01;31m[KTwist[m[K message;
      |                      [01;31m[K^~~~~[m[K
In file included from [01m[K/opt/ros/foxy/include/geometry_msgs/msg/twist.hpp:7[m[K,
                 from [01m[K/home/andrewubuntu/software-start-here/src/turtle_package/src/turtle_publisher.cpp:7[m[K:
[01m[K/opt/ros/foxy/include/geometry_msgs/msg/detail/twist__struct.hpp:133:7:[m[K [01;36m[Knote: [m[Kâ€˜[01m[Kgeometry_msgs::msg::Twist[m[Kâ€™ declared here
  133 | using [01;36m[KTwist[m[K =
      |       [01;36m[K^~~~~[m[K
[01m[K/home/andrewubuntu/software-start-here/src/turtle_package/src/turtle_publisher.cpp:29:7:[m[K [01;31m[Kerror: [m[Kâ€˜[01m[Kmessage[m[Kâ€™ was not declared in this scope
   29 |       [01;31m[Kmessage[m[K.linear.x = 1;
      |       [01;31m[K^~~~~~~[m[K
[01m[K/home/andrewubuntu/software-start-here/src/turtle_package/src/turtle_publisher.cpp:32:7:[m[K [01;31m[Kerror: [m[Kâ€˜[01m[Kpublisher_[m[Kâ€™ was not declared in this scope; did you mean â€˜[01m[Krcl_publisher_t[m[Kâ€™?
   32 |       [01;31m[Kpublisher_[m[K->publish(message);
      |       [01;31m[K^~~~~~~~~~[m[K
      |       [32m[Krcl_publisher_t[m[K
make[2]: *** [CMakeFiles/turtle_sine.dir/build.make:63: CMakeFiles/turtle_sine.dir/src/turtle_publisher.cpp.o] Error 1
make[1]: *** [CMakeFiles/Makefile2:107: CMakeFiles/turtle_sine.dir/all] Error 2
make: *** [Makefile:141: all] Error 2
