[01m[K/home/jared/subbot/software-start-here/src/challenge/src/solution.cpp:49:[m[K [01;31m[Kerror: [m[Kunterminated argument list invoking macro "RCLCPP_INFO"
   49 | };
      | 
[01m[K/home/jared/subbot/software-start-here/src/challenge/src/solution.cpp:31:7:[m[K [01;31m[Kerror: [m[Kexpected â€˜[01m[K}[m[Kâ€™ at end of input
   31 |       [01;31m[KRCLCPP_INFO[m[K(this->get_logger(), "Moving turtle with command: '%s'", signal;
      |       [01;31m[K^~~~~~~~~~~[m[K
[01m[K/home/jared/subbot/software-start-here/src/challenge/src/solution.cpp:14:1:[m[K [01;36m[Knote: [m[Kto match this â€˜[01m[K{[m[Kâ€™
   14 | [01;36m[K{[m[K
      | [01;36m[K^[m[K
[01m[K/home/jared/subbot/software-start-here/src/challenge/src/solution.cpp:[m[K In constructor â€˜[01m[Ksolution::solution()[m[Kâ€™:
[01m[K/home/jared/subbot/software-start-here/src/challenge/src/solution.cpp:17:25:[m[K [01;31m[Kerror: [m[Kclass â€˜[01m[Ksolution[m[Kâ€™ does not have any field named â€˜[01m[Ktime_[m[Kâ€™
   17 |     : Node("solution"), [01;31m[Ktime_[m[K(0)
      |                         [01;31m[K^~~~~[m[K
[01m[K/home/jared/subbot/software-start-here/src/challenge/src/solution.cpp:19:7:[m[K [01;31m[Kerror: [m[Kâ€˜[01m[Kpublisher_[m[Kâ€™ was not declared in this scope; did you mean â€˜[01m[Krcl_publisher_t[m[Kâ€™?
   19 |       [01;31m[Kpublisher_[m[K = this->create_publisher<geometry_msgs::msg::Twist>("/turtle1/cmd_vel", 10);
      |       [01;31m[K^~~~~~~~~~[m[K
      |       [32m[Krcl_publisher_t[m[K
[01m[K/home/jared/subbot/software-start-here/src/challenge/src/solution.cpp:20:7:[m[K [01;31m[Kerror: [m[Kâ€˜[01m[Ktimer_[m[Kâ€™ was not declared in this scope; did you mean â€˜[01m[Ktimer_t[m[Kâ€™?
   20 |       [01;31m[Ktimer_[m[K = this->create_wall_timer(
      |       [01;31m[K^~~~~~[m[K
      |       [32m[Ktimer_t[m[K
[01m[K/home/jared/subbot/software-start-here/src/challenge/src/solution.cpp:21:9:[m[K [01;31m[Kerror: [m[Kunable to find numeric literal operator â€˜[01m[Koperator""ms[m[Kâ€™
   21 |         [01;31m[K10ms[m[K, std::bind(&solution::sine_motion, this);
      |         [01;31m[K^~~~[m[K
[01m[K/home/jared/subbot/software-start-here/src/challenge/src/solution.cpp:21:54:[m[K [01;31m[Kerror: [m[Kexpected â€˜[01m[K)[m[Kâ€™ before â€˜[01m[K;[m[Kâ€™ token
   21 |         10ms, std::bind(&solution::sine_motion, this)[01;31m[K;[m[K
      |                                                      [01;31m[K^[m[K
      |                                                      [32m[K)[m[K
[01m[K/home/jared/subbot/software-start-here/src/challenge/src/solution.cpp:20:39:[m[K [01;36m[Knote: [m[Kto match this â€˜[01m[K([m[Kâ€™
   20 |       timer_ = this->create_wall_timer[01;36m[K([m[K
      |                                       [01;36m[K^[m[K
[01m[K/home/jared/subbot/software-start-here/src/challenge/src/solution.cpp:22:7:[m[K [01;31m[Kerror: [m[Kexpected primary-expression before â€˜[01m[K)[m[Kâ€™ token
   22 |       [01;31m[K)[m[K
      |       [01;31m[K^[m[K
[01m[K/home/jared/subbot/software-start-here/src/challenge/src/solution.cpp:[m[K In member function â€˜[01m[Kvoid solution::sine_motion()[m[Kâ€™:
[01m[K/home/jared/subbot/software-start-here/src/challenge/src/solution.cpp:29:53:[m[K [01;31m[Kerror: [m[Kâ€˜[01m[Ktime_[m[Kâ€™ was not declared in this scope; did you mean â€˜[01m[Ktime[m[Kâ€™?
   29 |       signal = "{linear: {x: " + std::to_string(cos([01;31m[Ktime_[m[K)) + ", y: " + std::to_string(sin(time_)) + ", z: 0.0}, angular: {x: 0.0, y: 0.0, z: 1.8}}";
      |                                                     [01;31m[K^~~~~[m[K
      |                                                     [32m[Ktime[m[K
[01m[K/home/jared/subbot/software-start-here/src/challenge/src/solution.cpp:31:7:[m[K [01;31m[Kerror: [m[Kâ€˜[01m[KRCLCPP_INFO[m[Kâ€™ was not declared in this scope
   31 |       [01;31m[KRCLCPP_INFO[m[K(this->get_logger(), "Moving turtle with command: '%s'", signal;
      |       [01;31m[K^~~~~~~~~~~[m[K
[01m[K/home/jared/subbot/software-start-here/src/challenge/src/solution.cpp:31:7:[m[K [01;31m[Kerror: [m[Kexpected â€˜[01m[K}[m[Kâ€™ at end of input
[01m[K/home/jared/subbot/software-start-here/src/challenge/src/solution.cpp:27:5:[m[K [01;36m[Knote: [m[Kto match this â€˜[01m[K{[m[Kâ€™
   27 |     [01;36m[K{[m[K
      |     [01;36m[K^[m[K
[01m[K/home/jared/subbot/software-start-here/src/challenge/src/solution.cpp:[m[K At global scope:
[01m[K/home/jared/subbot/software-start-here/src/challenge/src/solution.cpp:31:7:[m[K [01;31m[Kerror: [m[Kexpected unqualified-id at end of input
   31 |       [01;31m[KRCLCPP_INFO[m[K(this->get_logger(), "Moving turtle with command: '%s'", signal;
      |       [01;31m[K^~~~~~~~~~~[m[K
make[2]: *** [CMakeFiles/solution.dir/build.make:63: CMakeFiles/solution.dir/src/solution.cpp.o] Error 1
make[1]: *** [CMakeFiles/Makefile2:78: CMakeFiles/solution.dir/all] Error 2
make: *** [Makefile:141: all] Error 2
