[0.013s] Invoking command in '/home/jared/subbot/software-start-here/build/challenge': CMAKE_PREFIX_PATH=/opt/ros/foxy /usr/bin/cmake --build /home/jared/subbot/software-start-here/build/challenge -- -j8 -l8
[0.059s] [35m[1mScanning dependencies of target solution[0m
[0.086s] [ 50%] [32mBuilding CXX object CMakeFiles/solution.dir/src/solution.cpp.o[0m
[0.197s] [01m[K/home/jared/subbot/software-start-here/src/challenge/src/solution.cpp:49:[m[K [01;31m[Kerror: [m[Kunterminated argument list invoking macro "RCLCPP_INFO"
[0.197s]    49 | };
[0.197s]       | 
[1.428s] [01m[K/home/jared/subbot/software-start-here/src/challenge/src/solution.cpp:31:7:[m[K [01;31m[Kerror: [m[Kexpected â€˜[01m[K}[m[Kâ€™ at end of input
[1.429s]    31 |       [01;31m[KRCLCPP_INFO[m[K(this->get_logger(), "Moving turtle with command: '%s'", signal;
[1.429s]       |       [01;31m[K^~~~~~~~~~~[m[K
[1.429s] [01m[K/home/jared/subbot/software-start-here/src/challenge/src/solution.cpp:14:1:[m[K [01;36m[Knote: [m[Kto match this â€˜[01m[K{[m[Kâ€™
[1.429s]    14 | [01;36m[K{[m[K
[1.429s]       | [01;36m[K^[m[K
[1.429s] [01m[K/home/jared/subbot/software-start-here/src/challenge/src/solution.cpp:[m[K In constructor â€˜[01m[Ksolution::solution()[m[Kâ€™:
[1.429s] [01m[K/home/jared/subbot/software-start-here/src/challenge/src/solution.cpp:17:25:[m[K [01;31m[Kerror: [m[Kclass â€˜[01m[Ksolution[m[Kâ€™ does not have any field named â€˜[01m[Ktime_[m[Kâ€™
[1.429s]    17 |     : Node("solution"), [01;31m[Ktime_[m[K(0)
[1.429s]       |                         [01;31m[K^~~~~[m[K
[1.432s] [01m[K/home/jared/subbot/software-start-here/src/challenge/src/solution.cpp:19:7:[m[K [01;31m[Kerror: [m[Kâ€˜[01m[Kpublisher_[m[Kâ€™ was not declared in this scope; did you mean â€˜[01m[Krcl_publisher_t[m[Kâ€™?
[1.433s]    19 |       [01;31m[Kpublisher_[m[K = this->create_publisher<geometry_msgs::msg::Twist>("/turtle1/cmd_vel", 10);
[1.433s]       |       [01;31m[K^~~~~~~~~~[m[K
[1.433s]       |       [32m[Krcl_publisher_t[m[K
[1.437s] [01m[K/home/jared/subbot/software-start-here/src/challenge/src/solution.cpp:20:7:[m[K [01;31m[Kerror: [m[Kâ€˜[01m[Ktimer_[m[Kâ€™ was not declared in this scope; did you mean â€˜[01m[Ktimer_t[m[Kâ€™?
[1.438s]    20 |       [01;31m[Ktimer_[m[K = this->create_wall_timer(
[1.438s]       |       [01;31m[K^~~~~~[m[K
[1.438s]       |       [32m[Ktimer_t[m[K
[1.438s] [01m[K/home/jared/subbot/software-start-here/src/challenge/src/solution.cpp:21:9:[m[K [01;31m[Kerror: [m[Kunable to find numeric literal operator â€˜[01m[Koperator""ms[m[Kâ€™
[1.438s]    21 |         [01;31m[K10ms[m[K, std::bind(&solution::sine_motion, this);
[1.438s]       |         [01;31m[K^~~~[m[K
[1.444s] [01m[K/home/jared/subbot/software-start-here/src/challenge/src/solution.cpp:21:54:[m[K [01;31m[Kerror: [m[Kexpected â€˜[01m[K)[m[Kâ€™ before â€˜[01m[K;[m[Kâ€™ token
[1.444s]    21 |         10ms, std::bind(&solution::sine_motion, this)[01;31m[K;[m[K
[1.444s]       |                                                      [01;31m[K^[m[K
[1.444s]       |                                                      [32m[K)[m[K
[1.444s] [01m[K/home/jared/subbot/software-start-here/src/challenge/src/solution.cpp:20:39:[m[K [01;36m[Knote: [m[Kto match this â€˜[01m[K([m[Kâ€™
[1.444s]    20 |       timer_ = this->create_wall_timer[01;36m[K([m[K
[1.444s]       |                                       [01;36m[K^[m[K
[1.444s] [01m[K/home/jared/subbot/software-start-here/src/challenge/src/solution.cpp:22:7:[m[K [01;31m[Kerror: [m[Kexpected primary-expression before â€˜[01m[K)[m[Kâ€™ token
[1.444s]    22 |       [01;31m[K)[m[K
[1.444s]       |       [01;31m[K^[m[K
[1.445s] [01m[K/home/jared/subbot/software-start-here/src/challenge/src/solution.cpp:[m[K In member function â€˜[01m[Kvoid solution::sine_motion()[m[Kâ€™:
[1.445s] [01m[K/home/jared/subbot/software-start-here/src/challenge/src/solution.cpp:29:53:[m[K [01;31m[Kerror: [m[Kâ€˜[01m[Ktime_[m[Kâ€™ was not declared in this scope; did you mean â€˜[01m[Ktime[m[Kâ€™?
[1.445s]    29 |       signal = "{linear: {x: " + std::to_string(cos([01;31m[Ktime_[m[K)) + ", y: " + std::to_string(sin(time_)) + ", z: 0.0}, angular: {x: 0.0, y: 0.0, z: 1.8}}";
[1.446s]       |                                                     [01;31m[K^~~~~[m[K
[1.446s]       |                                                     [32m[Ktime[m[K
[1.448s] [01m[K/home/jared/subbot/software-start-here/src/challenge/src/solution.cpp:31:7:[m[K [01;31m[Kerror: [m[Kâ€˜[01m[KRCLCPP_INFO[m[Kâ€™ was not declared in this scope
[1.448s]    31 |       [01;31m[KRCLCPP_INFO[m[K(this->get_logger(), "Moving turtle with command: '%s'", signal;
[1.449s]       |       [01;31m[K^~~~~~~~~~~[m[K
[1.449s] [01m[K/home/jared/subbot/software-start-here/src/challenge/src/solution.cpp:31:7:[m[K [01;31m[Kerror: [m[Kexpected â€˜[01m[K}[m[Kâ€™ at end of input
[1.449s] [01m[K/home/jared/subbot/software-start-here/src/challenge/src/solution.cpp:27:5:[m[K [01;36m[Knote: [m[Kto match this â€˜[01m[K{[m[Kâ€™
[1.449s]    27 |     [01;36m[K{[m[K
[1.449s]       |     [01;36m[K^[m[K
[1.449s] [01m[K/home/jared/subbot/software-start-here/src/challenge/src/solution.cpp:[m[K At global scope:
[1.449s] [01m[K/home/jared/subbot/software-start-here/src/challenge/src/solution.cpp:31:7:[m[K [01;31m[Kerror: [m[Kexpected unqualified-id at end of input
[1.449s]    31 |       [01;31m[KRCLCPP_INFO[m[K(this->get_logger(), "Moving turtle with command: '%s'", signal;
[1.449s]       |       [01;31m[K^~~~~~~~~~~[m[K
[2.028s] make[2]: *** [CMakeFiles/solution.dir/build.make:63: CMakeFiles/solution.dir/src/solution.cpp.o] Error 1
[2.028s] make[1]: *** [CMakeFiles/Makefile2:78: CMakeFiles/solution.dir/all] Error 2
[2.028s] make: *** [Makefile:141: all] Error 2
[2.031s] Invoked command in '/home/jared/subbot/software-start-here/build/challenge' returned '2': CMAKE_PREFIX_PATH=/opt/ros/foxy /usr/bin/cmake --build /home/jared/subbot/software-start-here/build/challenge -- -j8 -l8
