[0.014s] Invoking command in '/home/jared/subbot/software-start-here/build/challenge': CMAKE_PREFIX_PATH=/opt/ros/foxy /usr/bin/cmake --build /home/jared/subbot/software-start-here/build/challenge -- -j8 -l8
[0.060s] [35m[1mScanning dependencies of target solution[0m
[0.091s] [ 50%] [32mBuilding CXX object CMakeFiles/solution.dir/src/solution.cpp.o[0m
[1.340s] [01m[K/home/jared/subbot/software-start-here/src/challenge/src/solution.cpp:[m[K In constructor â€˜[01m[Ksolution::solution()[m[Kâ€™:
[1.340s] [01m[K/home/jared/subbot/software-start-here/src/challenge/src/solution.cpp:17:22:[m[K [01;31m[Kerror: [m[Kno matching function for call to â€˜[01m[Krclcpp::Publisher<geometry_msgs::msg::Twist_<std::allocator<void> > >::Publisher()[m[Kâ€™
[1.340s]    17 |     : Node("solution"[01;31m[K)[m[K
[1.340s]       |                      [01;31m[K^[m[K
[1.340s] In file included from [01m[K/opt/ros/foxy/include/rclcpp/topic_statistics/subscription_topic_statistics.hpp:31[m[K,
[1.340s]                  from [01m[K/opt/ros/foxy/include/rclcpp/subscription.hpp:50[m[K,
[1.340s]                  from [01m[K/opt/ros/foxy/include/rclcpp/any_executable.hpp:25[m[K,
[1.341s]                  from [01m[K/opt/ros/foxy/include/rclcpp/memory_strategy.hpp:24[m[K,
[1.341s]                  from [01m[K/opt/ros/foxy/include/rclcpp/memory_strategies.hpp:18[m[K,
[1.341s]                  from [01m[K/opt/ros/foxy/include/rclcpp/executor_options.hpp:20[m[K,
[1.341s]                  from [01m[K/opt/ros/foxy/include/rclcpp/executor.hpp:33[m[K,
[1.341s]                  from [01m[K/opt/ros/foxy/include/rclcpp/executors/multi_threaded_executor.hpp:25[m[K,
[1.341s]                  from [01m[K/opt/ros/foxy/include/rclcpp/executors.hpp:21[m[K,
[1.341s]                  from [01m[K/opt/ros/foxy/include/rclcpp/rclcpp.hpp:146[m[K,
[1.341s]                  from [01m[K/home/jared/subbot/software-start-here/src/challenge/src/solution.cpp:8[m[K:
[1.341s] [01m[K/opt/ros/foxy/include/rclcpp/publisher.hpp:73:3:[m[K [01;36m[Knote: [m[Kcandidate: â€˜[01m[Krclcpp::Publisher<MessageT, AllocatorT>::Publisher(rclcpp::node_interfaces::NodeBaseInterface*, const string&, const rclcpp::QoS&, const rclcpp::PublisherOptionsWithAllocator<AllocatorT>&) [with MessageT = geometry_msgs::msg::Twist_<std::allocator<void> >; AllocatorT = std::allocator<void>; std::string = std::__cxx11::basic_string<char>][m[Kâ€™
[1.342s]    73 |   [01;36m[KPublisher[m[K(
[1.342s]       |   [01;36m[K^~~~~~~~~[m[K
[1.342s] [01m[K/opt/ros/foxy/include/rclcpp/publisher.hpp:73:3:[m[K [01;36m[Knote: [m[K  candidate expects 4 arguments, 0 provided
[1.342s] [01m[K/opt/ros/foxy/include/rclcpp/publisher.hpp:51:7:[m[K [01;36m[Knote: [m[Kcandidate: â€˜[01m[Krclcpp::Publisher<geometry_msgs::msg::Twist_<std::allocator<void> > >::Publisher(const rclcpp::Publisher<geometry_msgs::msg::Twist_<std::allocator<void> > >&)[m[Kâ€™
[1.342s]    51 | class [01;36m[KPublisher[m[K : public PublisherBase
[1.342s]       |       [01;36m[K^~~~~~~~~[m[K
[1.342s] [01m[K/opt/ros/foxy/include/rclcpp/publisher.hpp:51:7:[m[K [01;36m[Knote: [m[K  candidate expects 1 argument, 0 provided
[1.342s] [01m[K/home/jared/subbot/software-start-here/src/challenge/src/solution.cpp:20:88:[m[K [01;31m[Kerror: [m[Kno matching function for call to â€˜[01m[Ksolution::create_publisher<geometry_msgs::msg::Twist>(const char [17])[m[Kâ€™
[1.342s]    20 |       publisher_ = this->create_publisher<geometry_msgs::msg::Twist>("/turtle1/cmd_vel"[01;31m[K)[m[K;//, 10);
[1.343s]       |                                                                                        [01;31m[K^[m[K
[1.343s] In file included from [01m[K/opt/ros/foxy/include/rclcpp/executors/single_threaded_executor.hpp:28[m[K,
[1.343s]                  from [01m[K/opt/ros/foxy/include/rclcpp/executors.hpp:22[m[K,
[1.343s]                  from [01m[K/opt/ros/foxy/include/rclcpp/rclcpp.hpp:146[m[K,
[1.343s]                  from [01m[K/home/jared/subbot/software-start-here/src/challenge/src/solution.cpp:8[m[K:
[1.343s] [01m[K/opt/ros/foxy/include/rclcpp/node.hpp:184:3:[m[K [01;36m[Knote: [m[Kcandidate: â€˜[01m[Ktemplate<class MessageT, class AllocatorT, class PublisherT> std::shared_ptr<PublisherT> rclcpp::Node::create_publisher(const string&, const rclcpp::QoS&, const rclcpp::PublisherOptionsWithAllocator<AllocatorT>&)[m[Kâ€™
[1.343s]   184 |   [01;36m[Kcreate_publisher[m[K(
[1.343s]       |   [01;36m[K^~~~~~~~~~~~~~~~[m[K
[1.343s] [01m[K/opt/ros/foxy/include/rclcpp/node.hpp:184:3:[m[K [01;36m[Knote: [m[K  template argument deduction/substitution failed:
[1.343s] [01m[K/home/jared/subbot/software-start-here/src/challenge/src/solution.cpp:20:88:[m[K [01;36m[Knote: [m[K  candidate expects 3 arguments, 1 provided
[1.344s]    20 |       publisher_ = this->create_publisher<geometry_msgs::msg::Twist>("/turtle1/cmd_vel"[01;36m[K)[m[K;//, 10);
[1.344s]       |                                                                                        [01;36m[K^[m[K
[1.344s] [01m[K/home/jared/subbot/software-start-here/src/challenge/src/solution.cpp:22:9:[m[K [01;31m[Kerror: [m[Kunable to find numeric literal operator â€˜[01m[Koperator""ms[m[Kâ€™
[1.344s]    22 |         [01;31m[K10ms[m[K, std::bind(&solution::sine_motion, this)
[1.344s]       |         [01;31m[K^~~~[m[K
[1.346s] [01m[K/home/jared/subbot/software-start-here/src/challenge/src/solution.cpp:[m[K In member function â€˜[01m[Kvoid solution::sine_motion()[m[Kâ€™:
[1.346s] [01m[K/home/jared/subbot/software-start-here/src/challenge/src/solution.cpp:30:110:[m[K [01;31m[Kerror: [m[Kno match for â€˜[01m[Koperator=[m[Kâ€™ (operand types are â€˜[01m[Kgeometry_msgs::msg::Twist_<std::allocator<void> >[m[Kâ€™ and â€˜[01m[Kstd::__cxx11::basic_string<char>[m[Kâ€™)
[1.347s]    30 |       signal = "{linear: {x: " + std::to_string(cos(time_)) + ", y: 0.0, z: " + std::to_string(sin(time_)) + [01;31m[K"}, angular: {x: 0.0, y: 0.0, z: 1.8}}"[m[K;
[1.347s]       |                                                                                                              [01;31m[K^~~~~~~~~~~~~~~~~~~~~~~~~~~~~~~~~~~~~~~[m[K
[1.347s] In file included from [01m[K/opt/ros/foxy/include/geometry_msgs/msg/twist.hpp:7[m[K,
[1.347s]                  from [01m[K/home/jared/subbot/software-start-here/src/challenge/src/solution.cpp:9[m[K:
[1.347s] [01m[K/opt/ros/foxy/include/geometry_msgs/msg/detail/twist__struct.hpp:36:8:[m[K [01;36m[Knote: [m[Kcandidate: â€˜[01m[Kconstexpr geometry_msgs::msg::Twist_<std::allocator<void> >& geometry_msgs::msg::Twist_<std::allocator<void> >::operator=(const geometry_msgs::msg::Twist_<std::allocator<void> >&)[m[Kâ€™
[1.347s]    36 | struct [01;36m[KTwist_[m[K
[1.347s]       |        [01;36m[K^~~~~~[m[K
[1.347s] [01m[K/opt/ros/foxy/include/geometry_msgs/msg/detail/twist__struct.hpp:36:8:[m[K [01;36m[Knote: [m[K  no known conversion for argument 1 from â€˜[01m[Kstd::__cxx11::basic_string<char>[m[Kâ€™ to â€˜[01m[Kconst geometry_msgs::msg::Twist_<std::allocator<void> >&[m[Kâ€™
[1.348s] [01m[K/opt/ros/foxy/include/geometry_msgs/msg/detail/twist__struct.hpp:36:8:[m[K [01;36m[Knote: [m[Kcandidate: â€˜[01m[Kconstexpr geometry_msgs::msg::Twist_<std::allocator<void> >& geometry_msgs::msg::Twist_<std::allocator<void> >::operator=(geometry_msgs::msg::Twist_<std::allocator<void> >&&)[m[Kâ€™
[1.348s] [01m[K/opt/ros/foxy/include/geometry_msgs/msg/detail/twist__struct.hpp:36:8:[m[K [01;36m[Knote: [m[K  no known conversion for argument 1 from â€˜[01m[Kstd::__cxx11::basic_string<char>[m[Kâ€™ to â€˜[01m[Kgeometry_msgs::msg::Twist_<std::allocator<void> >&&[m[Kâ€™
[1.843s] make[2]: *** [CMakeFiles/solution.dir/build.make:63: CMakeFiles/solution.dir/src/solution.cpp.o] Error 1
[1.843s] make[1]: *** [CMakeFiles/Makefile2:78: CMakeFiles/solution.dir/all] Error 2
[1.843s] make: *** [Makefile:141: all] Error 2
[1.845s] Invoked command in '/home/jared/subbot/software-start-here/build/challenge' returned '2': CMAKE_PREFIX_PATH=/opt/ros/foxy /usr/bin/cmake --build /home/jared/subbot/software-start-here/build/challenge -- -j8 -l8
